<?xml version="1.0" encoding="UTF-8"?>
<testng-results skipped="0" failed="0" ignored="0" total="3" passed="3">
  <reporter-output>
    <line>
      <![CDATA[The is what A is running]]>
    </line>
    <line>
      <![CDATA[TestB is running]]>
    </line>
  </reporter-output>
  <suite name="Suite" duration-ms="63" started-at="2017-10-24T07:02:43Z" finished-at="2017-10-24T07:02:43Z">
    <groups>
    </groups>
    <test name="Test" duration-ms="63" started-at="2017-10-24T07:02:43Z" finished-at="2017-10-24T07:02:43Z">
      <class name="test1.demoB">
        <test-method status="PASS" signature="test2()[pri:0, instance:test1.demoB@548b7f67]" name="test2" duration-ms="2" started-at="2017-10-24T12:32:43Z" finished-at="2017-10-24T12:32:43Z">
          <reporter-output>
          </reporter-output>
        </test-method> <!-- test2 -->
      </class> <!-- test1.demoB -->
      <class name="test1.demoA">
        <test-method status="PASS" signature="testA()[pri:0, instance:test1.demoA@573f2bb1]" name="testA" duration-ms="14" started-at="2017-10-24T12:32:43Z" finished-at="2017-10-24T12:32:43Z">
          <reporter-output>
            <line>
              <![CDATA[The is what A is running]]>
            </line>
          </reporter-output>
        </test-method> <!-- testA -->
        <test-method status="PASS" signature="testB()[pri:0, instance:test1.demoA@573f2bb1]" name="testB" duration-ms="2" started-at="2017-10-24T12:32:43Z" finished-at="2017-10-24T12:32:43Z">
          <reporter-output>
            <line>
              <![CDATA[TestB is running]]>
            </line>
          </reporter-output>
        </test-method> <!-- testB -->
      </class> <!-- test1.demoA -->
    </test> <!-- Test -->
  </suite> <!-- Suite -->
</testng-results>
